[2018-04-18 15:45:55] Laboration 1.INFO: hej [] []
[2018-04-18 15:47:39] Laboration 1.INFO: hej [] []
[2018-04-18 15:47:40] Laboration 1.INFO: hej [] []
[2018-04-18 15:47:58] Laboration 1.INFO: hej [] []
[2018-04-18 15:51:33] Laboration 1.INFO: hej [] []
[2018-04-18 15:52:47] Laboration 1.INFO: hej [] []
[2018-04-18 15:52:49] Laboration 1.INFO: hej [] []
[2018-04-18 15:52:49] Laboration 1.INFO: hej [] []
[2018-04-18 15:55:44] Laboration 1.INFO: hej [] []
[2018-04-18 15:56:36] Laboration 1.INFO: hej [] []
[2018-04-18 16:00:37] Laboration 1.INFO: hej [] []
[2018-04-18 16:01:59] Laboration 1.INFO: hej [] []
[2018-04-18 16:02:07] Laboration 1.INFO: hej [] []
[2018-04-18 16:02:11] Laboration 1.INFO: hej [] []
[2018-04-18 16:18:33] Laboration 1.INFO: hej [] []
[2018-04-18 16:18:59] Laboration 1.INFO: hej [] []
[2018-04-18 16:20:44] Laboration 1.INFO: hej [] []
[2018-04-18 16:20:45] Laboration 1.INFO: hej [] []
[2018-04-18 16:20:45] Laboration 1.INFO: hej [] []
[2018-04-18 16:20:46] Laboration 1.INFO: hej [] []
[2018-04-18 16:20:47] Laboration 1.INFO: hej [] []
[2018-04-18 16:25:52] Laboration 1.INFO: hej [] []
[2018-04-18 16:36:47] Laboration 1.INFO: hej [] []
[2018-04-18 16:37:19] Laboration 1.INFO: hej [] []
[2018-04-18 16:38:14] Laboration 1.INFO: hej [] []
[2018-04-18 16:38:41] Laboration 1.INFO: hej [] []
[2018-04-18 16:38:58] Laboration 1.INFO: hej [] []
[2018-04-18 16:40:07] Laboration 1.INFO: hej [] []
[2018-04-18 16:44:45] Laboration 1.INFO: hej [] []
[2018-04-18 16:45:34] Laboration 1.INFO: hej [] []
[2018-04-18 16:47:34] Laboration 1.INFO: hej [] []
[2018-04-18 16:48:18] Laboration 1.INFO: hej [] []
[2018-04-18 16:49:07] Laboration 1.INFO: hej [] []
[2018-04-18 16:53:18] Laboration 1.INFO: hej [] []
[2018-04-18 16:54:18] Laboration 1.INFO: hej [] []
[2018-04-18 16:55:11] Laboration 1.INFO: hej [] []
[2018-04-18 16:55:20] Laboration 1.INFO: hej [] []
[2018-04-18 16:55:21] Laboration 1.INFO: hej [] []
[2018-04-18 16:55:21] Laboration 1.INFO: hej [] []
[2018-04-18 19:26:56] Laboration 1.INFO: hej [] []
[2018-04-18 19:28:50] Laboration 1.INFO: hej [] []
[2018-04-18 19:28:52] Laboration 1.INFO: hej [] []
[2018-04-18 19:29:48] Laboration 1.INFO: hej [] []
[2018-04-18 19:29:51] Laboration 1.INFO: hej [] []
[2018-04-18 19:42:44] Laboration 1.INFO: hej [] []
[2018-04-18 19:42:49] Laboration 1.INFO: hej [] []
[2018-04-18 19:42:55] Laboration 1.INFO: hej [] []
[2018-04-18 19:42:57] Laboration 1.INFO: hej [] []
[2018-04-18 19:43:01] Laboration 1.INFO: hej [] []
[2018-04-18 19:43:06] Laboration 1.INFO: hej [] []
[2018-04-18 20:13:26] Laboration 1.INFO: hej [] []
[2018-04-18 20:13:30] Laboration 1.INFO: hej [] []
[2018-04-18 20:13:34] Laboration 1.INFO: hej [] []
[2018-04-18 20:13:34] Laboration 1.INFO: hej [] []
[2018-04-18 20:13:34] Laboration 1.INFO: hej [] []
[2018-04-18 20:13:37] Laboration 1.INFO: hej [] []
[2018-04-18 20:14:28] Laboration 1.INFO: hej [] []
[2018-04-18 20:14:28] Laboration 1.INFO: hej [] []
[2018-04-18 20:14:28] Laboration 1.INFO: hej [] []
[2018-04-18 20:14:29] Laboration 1.INFO: hej [] []
[2018-04-18 20:14:34] Laboration 1.INFO: hej [] []
[2018-04-18 20:20:17] Laboration 1.INFO: hej [] []
[2018-04-18 20:20:28] Laboration 1.INFO: hej [] []
[2018-04-18 20:21:29] Laboration 1.INFO: hej [] []
[2018-04-18 20:21:45] Laboration 1.INFO: hej [] []
[2018-04-18 20:22:31] Laboration 1.INFO: hej [] []
[2018-04-18 20:22:36] Laboration 1.INFO: hej [] []
[2018-04-18 20:22:41] Laboration 1.INFO: hej [] []
[2018-04-18 20:22:43] Laboration 1.INFO: hej [] []
[2018-04-18 20:22:45] Laboration 1.INFO: hej [] []
[2018-04-18 20:22:48] Laboration 1.INFO: hej [] []
[2018-04-18 20:22:56] Laboration 1.INFO: hej [] []
[2018-04-18 20:23:02] Laboration 1.INFO: hej [] []
[2018-04-18 20:23:20] Laboration 1.INFO: hej [] []
[2018-04-18 20:23:26] Laboration 1.INFO: hej [] []
[2018-04-18 20:23:31] Laboration 1.INFO: hej [] []
[2018-04-18 20:23:34] Laboration 1.INFO: hej [] []
[2018-04-18 20:24:13] Laboration 1.INFO: hej [] []
[2018-04-18 20:24:45] Laboration 1.INFO: hej [] []
[2018-04-18 20:24:49] Laboration 1.INFO: hej [] []
[2018-04-18 20:24:52] Laboration 1.INFO: hej [] []
[2018-04-18 20:25:42] Laboration 1.INFO: hej [] []
[2018-04-18 20:59:14] Laboration 1.INFO: hej [] []
[2018-04-18 21:03:03] Laboration 1.INFO: hej [] []
[2018-04-18 21:03:21] Laboration 1.INFO: hej [] []
[2018-04-18 21:04:19] Laboration 1.INFO: hej [] []
[2018-04-18 21:04:26] Laboration 1.INFO: hej [] []
[2018-04-18 21:04:29] Laboration 1.INFO: hej [] []
[2018-04-18 21:05:16] Laboration 1.INFO: hej [] []
[2018-04-18 21:05:19] Laboration 1.INFO: hej [] []
[2018-04-18 21:08:28] Laboration 1.INFO: hej [] []
[2018-04-18 21:08:37] Laboration 1.INFO: hej [] []
[2018-04-18 21:09:19] Laboration 1.INFO: hej [] []
[2018-04-18 21:09:45] Laboration 1.INFO: hej [] []
[2018-04-18 21:09:54] Laboration 1.INFO: hej [] []
[2018-04-18 21:10:03] Laboration 1.INFO: hej [] []
[2018-04-18 21:10:28] Laboration 1.INFO: hej [] []
[2018-04-18 21:10:43] Laboration 1.INFO: hej [] []
[2018-04-18 21:10:56] Laboration 1.INFO: hej [] []
[2018-04-18 21:11:23] Laboration 1.INFO: hej [] []
[2018-04-18 21:11:56] Laboration 1.INFO: hej [] []
[2018-04-18 21:12:05] Laboration 1.INFO: hej [] []
[2018-04-18 21:12:26] Laboration 1.INFO: hej [] []
[2018-04-18 21:13:30] Laboration 1.INFO: hej [] []
[2018-04-18 21:13:38] Laboration 1.INFO: hej [] []
[2018-04-18 21:13:49] Laboration 1.INFO: hej [] []
[2018-04-18 21:13:51] Laboration 1.INFO: hej [] []
[2018-04-18 21:13:52] Laboration 1.INFO: hej [] []
[2018-04-18 21:13:58] Laboration 1.INFO: hej [] []
[2018-04-18 21:14:01] Laboration 1.INFO: hej [] []
[2018-04-18 21:14:06] Laboration 1.INFO: hej [] []
[2018-04-18 21:14:18] Laboration 1.INFO: hej [] []
[2018-04-18 21:14:31] Laboration 1.INFO: hej [] []
[2018-04-18 21:14:35] Laboration 1.INFO: hej [] []
[2018-04-18 21:14:38] Laboration 1.INFO: hej [] []
[2018-04-18 21:14:52] Laboration 1.INFO: hej [] []
[2018-04-18 21:39:27] Laboration 1.INFO: Logged:  [] []
[2018-04-18 21:39:27] Laboration 1.INFO: hej [] []
[2018-04-18 21:39:33] Laboration 1.INFO: Logged:  [] []
[2018-04-18 21:39:33] Laboration 1.INFO: hej [] []
[2018-04-18 21:40:20] Laboration 1.INFO: Logged:  [] []
[2018-04-18 21:40:20] Laboration 1.INFO: hej [] []
[2018-04-18 21:40:26] Laboration 1.INFO: Logged:  [] []
[2018-04-18 21:40:26] Laboration 1.INFO: hej [] []
[2018-04-18 21:41:38] Laboration 1.INFO: Logged:  [] []
[2018-04-18 21:41:38] Laboration 1.INFO: hej [] []
[2018-04-18 21:41:43] Laboration 1.INFO: Logged:  [] []
[2018-04-18 21:41:43] Laboration 1.INFO: hej [] []
[2018-04-18 21:41:49] Laboration 1.INFO: Logged:  [] []
[2018-04-18 21:41:49] Laboration 1.INFO: hej [] []
[2018-04-18 21:41:51] Laboration 1.INFO: Logged:  [] []
[2018-04-18 21:41:51] Laboration 1.INFO: hej [] []
[2018-04-18 21:43:34] Laboration 1.INFO: Logged:  [] []
[2018-04-18 21:43:34] Laboration 1.INFO: Logged:  [] []
[2018-04-18 21:43:34] Laboration 1.INFO: Logged:  [] []
[2018-04-18 21:43:34] Laboration 1.INFO: Logged:  [] []
[2018-04-18 21:43:34] Laboration 1.INFO: Logged:  [] []
[2018-04-18 21:43:34] Laboration 1.INFO: Logged:  [] []
[2018-04-18 21:43:34] Laboration 1.INFO: Logged:  [] []
[2018-04-18 21:43:34] Laboration 1.INFO: Logged:  [] []
[2018-04-18 21:43:34] Laboration 1.INFO: Logged:  [] []
[2018-04-18 21:43:34] Laboration 1.INFO: Logged:  [] []
[2018-04-18 21:43:34] Laboration 1.INFO: Logged:  [] []
[2018-04-18 21:43:34] Laboration 1.INFO: Logged:  [] []
[2018-04-18 21:43:34] Laboration 1.INFO: Logged:  [] []
[2018-04-18 21:43:34] Laboration 1.INFO: Logged:  [] []
[2018-04-18 21:43:34] Laboration 1.INFO: Logged:  [] []
[2018-04-18 21:43:34] Laboration 1.INFO: Logged:  [] []
[2018-04-18 21:43:34] Laboration 1.INFO: Logged:  [] []
[2018-04-18 21:43:34] Laboration 1.INFO: hej [] []
[2018-04-18 21:43:49] Laboration 1.INFO: Logged:  [] []
[2018-04-18 21:43:49] Laboration 1.INFO: Logged:  [] []
[2018-04-18 21:43:49] Laboration 1.INFO: Logged:  [] []
[2018-04-18 21:43:49] Laboration 1.INFO: Logged:  [] []
[2018-04-18 21:43:49] Laboration 1.INFO: Logged:  [] []
[2018-04-18 21:43:49] Laboration 1.INFO: Logged:  [] []
[2018-04-18 21:43:49] Laboration 1.INFO: Logged:  [] []
[2018-04-18 21:43:49] Laboration 1.INFO: Logged:  [] []
[2018-04-18 21:43:49] Laboration 1.INFO: Logged:  [] []
[2018-04-18 21:43:49] Laboration 1.INFO: Logged:  [] []
[2018-04-18 21:43:49] Laboration 1.INFO: Logged:  [] []
[2018-04-18 21:43:49] Laboration 1.INFO: Logged:  [] []
[2018-04-18 21:43:49] Laboration 1.INFO: Logged:  [] []
[2018-04-18 21:43:49] Laboration 1.INFO: Logged:  [] []
[2018-04-18 21:43:49] Laboration 1.INFO: Logged:  [] []
[2018-04-18 21:43:49] Laboration 1.INFO: Logged:  [] []
[2018-04-18 21:43:49] Laboration 1.INFO: Logged:  [] []
[2018-04-18 21:43:49] Laboration 1.INFO: hej [] []
[2018-04-18 21:43:54] Laboration 1.INFO: Logged:  [] []
[2018-04-18 21:43:54] Laboration 1.INFO: Logged:  [] []
[2018-04-18 21:43:54] Laboration 1.INFO: Logged:  [] []
[2018-04-18 21:43:54] Laboration 1.INFO: Logged:  [] []
[2018-04-18 21:43:54] Laboration 1.INFO: Logged:  [] []
[2018-04-18 21:43:54] Laboration 1.INFO: Logged:  [] []
[2018-04-18 21:43:54] Laboration 1.INFO: Logged:  [] []
[2018-04-18 21:43:54] Laboration 1.INFO: Logged:  [] []
[2018-04-18 21:43:54] Laboration 1.INFO: Logged:  [] []
[2018-04-18 21:43:54] Laboration 1.INFO: Logged:  [] []
[2018-04-18 21:43:54] Laboration 1.INFO: Logged:  [] []
[2018-04-18 21:43:54] Laboration 1.INFO: Logged:  [] []
[2018-04-18 21:43:54] Laboration 1.INFO: Logged:  [] []
[2018-04-18 21:43:54] Laboration 1.INFO: Logged:  [] []
[2018-04-18 21:43:54] Laboration 1.INFO: Logged:  [] []
[2018-04-18 21:43:54] Laboration 1.INFO: Logged:  [] []
[2018-04-18 21:43:54] Laboration 1.INFO: Logged:  [] []
[2018-04-18 21:43:54] Laboration 1.INFO: hej [] []
[2018-04-18 21:45:17] Laboration 1.INFO: Logged:  [] []
[2018-04-18 21:45:17] Laboration 1.INFO: Logged:  [] []
[2018-04-18 21:45:17] Laboration 1.INFO: Logged:  [] []
[2018-04-18 21:45:17] Laboration 1.INFO: Logged:  [] []
[2018-04-18 21:45:17] Laboration 1.INFO: Logged:  [] []
[2018-04-18 21:45:17] Laboration 1.INFO: Logged:  [] []
[2018-04-18 21:45:17] Laboration 1.INFO: Logged:  [] []
[2018-04-18 21:45:17] Laboration 1.INFO: Logged:  [] []
[2018-04-18 21:45:17] Laboration 1.INFO: Logged:  [] []
[2018-04-18 21:45:17] Laboration 1.INFO: Logged:  [] []
[2018-04-18 21:45:17] Laboration 1.INFO: Logged:  [] []
[2018-04-18 21:45:17] Laboration 1.INFO: Logged:  [] []
[2018-04-18 21:45:17] Laboration 1.INFO: Logged:  [] []
[2018-04-18 21:45:17] Laboration 1.INFO: Logged:  [] []
[2018-04-18 21:45:17] Laboration 1.INFO: Logged:  [] []
[2018-04-18 21:45:17] Laboration 1.INFO: Logged:  [] []
[2018-04-18 21:45:17] Laboration 1.INFO: Logged:  [] []
[2018-04-18 21:45:17] Laboration 1.INFO: hej [] []
[2018-04-18 21:45:21] Laboration 1.INFO: Logged:  [] []
[2018-04-18 21:45:21] Laboration 1.INFO: Logged:  [] []
[2018-04-18 21:45:21] Laboration 1.INFO: Logged:  [] []
[2018-04-18 21:45:21] Laboration 1.INFO: Logged:  [] []
[2018-04-18 21:45:21] Laboration 1.INFO: Logged:  [] []
[2018-04-18 21:45:21] Laboration 1.INFO: Logged:  [] []
[2018-04-18 21:45:21] Laboration 1.INFO: Logged:  [] []
[2018-04-18 21:45:21] Laboration 1.INFO: Logged:  [] []
[2018-04-18 21:45:21] Laboration 1.INFO: Logged:  [] []
[2018-04-18 21:45:21] Laboration 1.INFO: Logged:  [] []
[2018-04-18 21:45:21] Laboration 1.INFO: Logged:  [] []
[2018-04-18 21:45:21] Laboration 1.INFO: Logged:  [] []
[2018-04-18 21:45:21] Laboration 1.INFO: Logged:  [] []
[2018-04-18 21:45:21] Laboration 1.INFO: Logged:  [] []
[2018-04-18 21:45:21] Laboration 1.INFO: Logged:  [] []
[2018-04-18 21:45:21] Laboration 1.INFO: Logged:  [] []
[2018-04-18 21:45:21] Laboration 1.INFO: Logged:  [] []
[2018-04-18 21:45:21] Laboration 1.INFO: hej [] []
[2018-04-18 21:46:22] Laboration 1.INFO: hej [] []
[2018-04-18 21:46:58] Laboration 1.INFO: Logged: 1 [] []
[2018-04-18 21:46:58] Laboration 1.INFO: hej [] []
[2018-04-18 21:47:02] Laboration 1.INFO: Logged: 1 [] []
[2018-04-18 21:47:02] Laboration 1.INFO: hej [] []
[2018-04-18 21:47:34] Laboration 1.INFO: Logged: 1 [] []
[2018-04-18 21:47:34] Laboration 1.INFO: hej [] []
[2018-04-18 21:47:43] Laboration 1.INFO: Logged: 1 [] []
[2018-04-18 21:47:43] Laboration 1.INFO: hej [] []
[2018-04-18 21:47:59] Laboration 1.INFO: Logged: 1 [] []
[2018-04-18 21:47:59] Laboration 1.INFO: hej [] []
[2018-04-18 21:48:40] Laboration 1.INFO: Logged: 1 [] []
[2018-04-18 21:48:40] Laboration 1.INFO: hej [] []
[2018-04-18 21:48:46] Laboration 1.INFO: Logged: 1 [] []
[2018-04-18 21:48:46] Laboration 1.INFO: hej [] []
[2018-04-18 22:02:44] Laboration 1.INFO: Logged:  [] []
[2018-04-18 22:02:44] Laboration 1.INFO: hej [] []
[2018-04-18 22:02:55] Laboration 1.INFO: Logged:  [] []
[2018-04-18 22:02:55] Laboration 1.INFO: hej [] []
[2018-04-18 22:02:58] Laboration 1.INFO: Logged:  [] []
[2018-04-18 22:02:58] Laboration 1.INFO: hej [] []
[2018-04-18 22:03:02] Laboration 1.INFO: Logged:  [] []
[2018-04-18 22:03:02] Laboration 1.INFO: hej [] []
[2018-04-18 22:03:07] Laboration 1.INFO: Logged:  [] []
[2018-04-18 22:03:07] Laboration 1.INFO: hej [] []
[2018-04-18 22:17:01] Laboration 1.INFO: Logged:  [] []
[2018-04-18 22:17:01] Laboration 1.INFO: hej [] []
[2018-04-18 22:17:05] Laboration 1.INFO: Logged:  [] []
[2018-04-18 22:17:05] Laboration 1.INFO: hej [] []
[2018-04-18 22:17:07] Laboration 1.INFO: Logged:  [] []
[2018-04-18 22:17:07] Laboration 1.INFO: hej [] []
[2018-04-18 22:17:12] Laboration 1.INFO: Logged:  [] []
[2018-04-18 22:17:12] Laboration 1.INFO: hej [] []
[2018-04-18 22:19:07] Laboration 1.INFO: Logged:  [] []
[2018-04-18 22:19:10] Laboration 1.INFO: Logged:  [] []
[2018-04-18 22:19:12] Laboration 1.INFO: Logged:  [] []
[2018-04-18 22:35:23] Laboration 1.INFO: Logged:  [] []
[2018-04-18 22:35:27] Laboration 1.INFO: Logged:  [] []
[2018-04-18 22:35:30] Laboration 1.INFO: Logged:  [] []
[2018-04-18 22:36:03] Laboration 1.INFO: Logged:  [] []
[2018-04-18 22:36:04] Laboration 1.INFO: Logged:  [] []
[2018-04-18 22:39:47] Laboration 1.INFO: Logged:  [] []
[2018-04-18 22:39:51] Laboration 1.INFO: Logged:  [] []
[2018-04-18 22:39:54] Laboration 1.INFO: Logged:  [] []
[2018-04-18 22:51:14] Laboration 1.INFO: Logged: 1 [] []
[2018-04-18 22:51:14] Laboration 1.INFO: Logged: 2 [] []
[2018-04-18 22:51:14] Laboration 1.INFO: Logged: 3 [] []
[2018-04-18 22:51:14] Laboration 1.INFO: Logged: 4 [] []
[2018-04-18 22:51:14] Laboration 1.INFO: Logged: 5 [] []
[2018-04-18 22:51:14] Laboration 1.INFO: Logged: 6 [] []
[2018-04-18 22:51:14] Laboration 1.INFO: Logged: 7 [] []
[2018-04-18 22:51:14] Laboration 1.INFO: Logged: 8 [] []
[2018-04-18 22:51:14] Laboration 1.INFO: Logged: 9 [] []
[2018-04-18 22:51:14] Laboration 1.INFO: Logged: 10 [] []
[2018-04-18 22:51:14] Laboration 1.INFO: Logged: 11 [] []
[2018-04-18 22:51:14] Laboration 1.INFO: Logged: 12 [] []
[2018-04-18 22:51:14] Laboration 1.INFO: Logged: 13 [] []
[2018-04-18 22:51:14] Laboration 1.INFO: Logged: 14 [] []
[2018-04-18 22:51:14] Laboration 1.INFO: Logged: 15 [] []
[2018-04-18 22:51:14] Laboration 1.INFO: Logged: 16 [] []
[2018-04-18 22:51:14] Laboration 1.INFO: Logged: 17 [] []
[2018-04-18 22:51:19] Laboration 1.INFO: Logged: 1 [] []
[2018-04-18 22:51:19] Laboration 1.INFO: Logged: 2 [] []
[2018-04-18 22:51:19] Laboration 1.INFO: Logged: 3 [] []
[2018-04-18 22:51:19] Laboration 1.INFO: Logged: 4 [] []
[2018-04-18 22:51:19] Laboration 1.INFO: Logged: 5 [] []
[2018-04-18 22:51:19] Laboration 1.INFO: Logged: 6 [] []
[2018-04-18 22:51:19] Laboration 1.INFO: Logged: 7 [] []
[2018-04-18 22:51:19] Laboration 1.INFO: Logged: 8 [] []
[2018-04-18 22:51:19] Laboration 1.INFO: Logged: 9 [] []
[2018-04-18 22:51:19] Laboration 1.INFO: Logged: 10 [] []
[2018-04-18 22:51:19] Laboration 1.INFO: Logged: 11 [] []
[2018-04-18 22:51:19] Laboration 1.INFO: Logged: 12 [] []
[2018-04-18 22:51:19] Laboration 1.INFO: Logged: 13 [] []
[2018-04-18 22:51:19] Laboration 1.INFO: Logged: 14 [] []
[2018-04-18 22:51:19] Laboration 1.INFO: Logged: 15 [] []
[2018-04-18 22:51:19] Laboration 1.INFO: Logged: 16 [] []
[2018-04-18 22:51:19] Laboration 1.INFO: Logged: 17 [] []
[2018-04-18 22:51:21] Laboration 1.INFO: Logged: 1 [] []
[2018-04-18 22:51:21] Laboration 1.INFO: Logged: 2 [] []
[2018-04-18 22:51:21] Laboration 1.INFO: Logged: 3 [] []
[2018-04-18 22:51:21] Laboration 1.INFO: Logged: 4 [] []
[2018-04-18 22:51:21] Laboration 1.INFO: Logged: 5 [] []
[2018-04-18 22:51:21] Laboration 1.INFO: Logged: 6 [] []
[2018-04-18 22:51:21] Laboration 1.INFO: Logged: 7 [] []
[2018-04-18 22:51:21] Laboration 1.INFO: Logged: 8 [] []
[2018-04-18 22:51:21] Laboration 1.INFO: Logged: 9 [] []
[2018-04-18 22:51:21] Laboration 1.INFO: Logged: 10 [] []
[2018-04-18 22:51:21] Laboration 1.INFO: Logged: 11 [] []
[2018-04-18 22:51:21] Laboration 1.INFO: Logged: 12 [] []
[2018-04-18 22:51:21] Laboration 1.INFO: Logged: 13 [] []
[2018-04-18 22:51:21] Laboration 1.INFO: Logged: 14 [] []
[2018-04-18 22:51:21] Laboration 1.INFO: Logged: 15 [] []
[2018-04-18 22:51:21] Laboration 1.INFO: Logged: 16 [] []
[2018-04-18 22:51:21] Laboration 1.INFO: Logged: 17 [] []
[2018-04-18 22:53:11] Laboration 1.INFO: Logged: 1 [] []
[2018-04-18 22:53:11] Laboration 1.INFO: Logged: 2 [] []
[2018-04-18 22:53:11] Laboration 1.INFO: Logged: 3 [] []
[2018-04-18 22:53:11] Laboration 1.INFO: Logged: 4 [] []
[2018-04-18 22:53:11] Laboration 1.INFO: Logged: 5 [] []
[2018-04-18 22:53:11] Laboration 1.INFO: Logged: 6 [] []
[2018-04-18 22:53:11] Laboration 1.INFO: Logged: 7 [] []
[2018-04-18 22:53:11] Laboration 1.INFO: Logged: 8 [] []
[2018-04-18 22:53:11] Laboration 1.INFO: Logged: 9 [] []
[2018-04-18 22:53:11] Laboration 1.INFO: Logged: 10 [] []
[2018-04-18 22:53:11] Laboration 1.INFO: Logged: 11 [] []
[2018-04-18 22:53:11] Laboration 1.INFO: Logged: 12 [] []
[2018-04-18 22:53:11] Laboration 1.INFO: Logged: 13 [] []
[2018-04-18 22:53:11] Laboration 1.INFO: Logged: 14 [] []
[2018-04-18 22:53:11] Laboration 1.INFO: Logged: 15 [] []
[2018-04-18 22:53:11] Laboration 1.INFO: Logged: 16 [] []
[2018-04-18 22:53:11] Laboration 1.INFO: Logged: 17 [] []
[2018-04-18 22:53:13] Laboration 1.INFO: Logged: 1 [] []
[2018-04-18 22:53:13] Laboration 1.INFO: Logged: 2 [] []
[2018-04-18 22:53:13] Laboration 1.INFO: Logged: 3 [] []
[2018-04-18 22:53:13] Laboration 1.INFO: Logged: 4 [] []
[2018-04-18 22:53:13] Laboration 1.INFO: Logged: 5 [] []
[2018-04-18 22:53:13] Laboration 1.INFO: Logged: 6 [] []
[2018-04-18 22:53:13] Laboration 1.INFO: Logged: 7 [] []
[2018-04-18 22:53:13] Laboration 1.INFO: Logged: 8 [] []
[2018-04-18 22:53:13] Laboration 1.INFO: Logged: 9 [] []
[2018-04-18 22:53:13] Laboration 1.INFO: Logged: 10 [] []
[2018-04-18 22:53:13] Laboration 1.INFO: Logged: 11 [] []
[2018-04-18 22:53:13] Laboration 1.INFO: Logged: 12 [] []
[2018-04-18 22:53:13] Laboration 1.INFO: Logged: 13 [] []
[2018-04-18 22:53:13] Laboration 1.INFO: Logged: 14 [] []
[2018-04-18 22:53:13] Laboration 1.INFO: Logged: 15 [] []
[2018-04-18 22:53:13] Laboration 1.INFO: Logged: 16 [] []
[2018-04-18 22:53:13] Laboration 1.INFO: Logged: 17 [] []
[2018-04-18 22:53:15] Laboration 1.INFO: Logged: 1 [] []
[2018-04-18 22:53:15] Laboration 1.INFO: Logged: 2 [] []
[2018-04-18 22:53:15] Laboration 1.INFO: Logged: 3 [] []
[2018-04-18 22:53:15] Laboration 1.INFO: Logged: 4 [] []
[2018-04-18 22:53:15] Laboration 1.INFO: Logged: 5 [] []
[2018-04-18 22:53:15] Laboration 1.INFO: Logged: 6 [] []
[2018-04-18 22:53:15] Laboration 1.INFO: Logged: 7 [] []
[2018-04-18 22:53:15] Laboration 1.INFO: Logged: 8 [] []
[2018-04-18 22:53:15] Laboration 1.INFO: Logged: 9 [] []
[2018-04-18 22:53:15] Laboration 1.INFO: Logged: 10 [] []
[2018-04-18 22:53:15] Laboration 1.INFO: Logged: 11 [] []
[2018-04-18 22:53:15] Laboration 1.INFO: Logged: 12 [] []
[2018-04-18 22:53:15] Laboration 1.INFO: Logged: 13 [] []
[2018-04-18 22:53:15] Laboration 1.INFO: Logged: 14 [] []
[2018-04-18 22:53:15] Laboration 1.INFO: Logged: 15 [] []
[2018-04-18 22:53:15] Laboration 1.INFO: Logged: 16 [] []
[2018-04-18 22:53:15] Laboration 1.INFO: Logged: 17 [] []
[2018-04-18 23:05:22] Laboration 1.INFO: Logged: 1 [] []
[2018-04-18 23:05:22] Laboration 1.INFO: Hello [] []
[2018-04-18 23:05:22] Laboration 1.INFO: Logged: 2 [] []
[2018-04-18 23:05:22] Laboration 1.INFO: Hello [] []
[2018-04-18 23:05:22] Laboration 1.INFO: Logged: 3 [] []
[2018-04-18 23:05:22] Laboration 1.INFO: Hello [] []
[2018-04-18 23:05:22] Laboration 1.INFO: Logged: 4 [] []
[2018-04-18 23:05:22] Laboration 1.INFO: Hello [] []
[2018-04-18 23:05:22] Laboration 1.INFO: Logged: 5 [] []
[2018-04-18 23:05:22] Laboration 1.INFO: Hello [] []
[2018-04-18 23:05:22] Laboration 1.INFO: Logged: 6 [] []
[2018-04-18 23:05:22] Laboration 1.INFO: Hello [] []
[2018-04-18 23:05:22] Laboration 1.INFO: Logged: 7 [] []
[2018-04-18 23:05:22] Laboration 1.INFO: Hello [] []
[2018-04-18 23:05:22] Laboration 1.INFO: Logged: 8 [] []
[2018-04-18 23:05:22] Laboration 1.INFO: Hello [] []
[2018-04-18 23:05:22] Laboration 1.INFO: Logged: 9 [] []
[2018-04-18 23:05:22] Laboration 1.INFO: Hello [] []
[2018-04-18 23:05:22] Laboration 1.INFO: Logged: 10 [] []
[2018-04-18 23:05:22] Laboration 1.INFO: Hello [] []
[2018-04-18 23:05:22] Laboration 1.INFO: Logged: 11 [] []
[2018-04-18 23:05:22] Laboration 1.INFO: Hello [] []
[2018-04-18 23:05:22] Laboration 1.INFO: Logged: 12 [] []
[2018-04-18 23:05:22] Laboration 1.INFO: Hello [] []
[2018-04-18 23:05:22] Laboration 1.INFO: Logged: 13 [] []
[2018-04-18 23:05:22] Laboration 1.INFO: Hello [] []
[2018-04-18 23:05:22] Laboration 1.INFO: Logged: 14 [] []
[2018-04-18 23:05:22] Laboration 1.INFO: Hello [] []
[2018-04-18 23:05:22] Laboration 1.INFO: Logged: 15 [] []
[2018-04-18 23:05:22] Laboration 1.INFO: Hello [] []
[2018-04-18 23:05:22] Laboration 1.INFO: Logged: 16 [] []
[2018-04-18 23:05:22] Laboration 1.INFO: Hello [] []
[2018-04-18 23:05:22] Laboration 1.INFO: Logged: 17 [] []
[2018-04-18 23:05:22] Laboration 1.INFO: Hello [] []
[2018-04-18 23:05:25] Laboration 1.INFO: Logged: 1 [] []
[2018-04-18 23:05:25] Laboration 1.INFO: Hello [] []
[2018-04-18 23:05:25] Laboration 1.INFO: Logged: 2 [] []
[2018-04-18 23:05:25] Laboration 1.INFO: Hello [] []
[2018-04-18 23:05:25] Laboration 1.INFO: Logged: 3 [] []
[2018-04-18 23:05:25] Laboration 1.INFO: Hello [] []
[2018-04-18 23:05:25] Laboration 1.INFO: Logged: 4 [] []
[2018-04-18 23:05:25] Laboration 1.INFO: Hello [] []
[2018-04-18 23:05:25] Laboration 1.INFO: Logged: 5 [] []
[2018-04-18 23:05:25] Laboration 1.INFO: Hello [] []
[2018-04-18 23:05:25] Laboration 1.INFO: Logged: 6 [] []
[2018-04-18 23:05:25] Laboration 1.INFO: Hello [] []
[2018-04-18 23:05:25] Laboration 1.INFO: Logged: 7 [] []
[2018-04-18 23:05:25] Laboration 1.INFO: Hello [] []
[2018-04-18 23:05:25] Laboration 1.INFO: Logged: 8 [] []
[2018-04-18 23:05:25] Laboration 1.INFO: Hello [] []
[2018-04-18 23:05:25] Laboration 1.INFO: Logged: 9 [] []
[2018-04-18 23:05:25] Laboration 1.INFO: Hello [] []
[2018-04-18 23:05:25] Laboration 1.INFO: Logged: 10 [] []
[2018-04-18 23:05:25] Laboration 1.INFO: Hello [] []
[2018-04-18 23:05:25] Laboration 1.INFO: Logged: 11 [] []
[2018-04-18 23:05:25] Laboration 1.INFO: Hello [] []
[2018-04-18 23:05:25] Laboration 1.INFO: Logged: 12 [] []
[2018-04-18 23:05:25] Laboration 1.INFO: Hello [] []
[2018-04-18 23:05:25] Laboration 1.INFO: Logged: 13 [] []
[2018-04-18 23:05:25] Laboration 1.INFO: Hello [] []
[2018-04-18 23:05:25] Laboration 1.INFO: Logged: 14 [] []
[2018-04-18 23:05:25] Laboration 1.INFO: Hello [] []
[2018-04-18 23:05:25] Laboration 1.INFO: Logged: 15 [] []
[2018-04-18 23:05:25] Laboration 1.INFO: Hello [] []
[2018-04-18 23:05:25] Laboration 1.INFO: Logged: 16 [] []
[2018-04-18 23:05:25] Laboration 1.INFO: Hello [] []
[2018-04-18 23:05:25] Laboration 1.INFO: Logged: 17 [] []
[2018-04-18 23:05:25] Laboration 1.INFO: Hello [] []
[2018-04-18 23:05:27] Laboration 1.INFO: Logged: 1 [] []
[2018-04-18 23:05:27] Laboration 1.INFO: Hello [] []
[2018-04-18 23:05:27] Laboration 1.INFO: Logged: 2 [] []
[2018-04-18 23:05:27] Laboration 1.INFO: Hello [] []
[2018-04-18 23:05:27] Laboration 1.INFO: Logged: 3 [] []
[2018-04-18 23:05:27] Laboration 1.INFO: Hello [] []
[2018-04-18 23:05:27] Laboration 1.INFO: Logged: 4 [] []
[2018-04-18 23:05:27] Laboration 1.INFO: Hello [] []
[2018-04-18 23:05:27] Laboration 1.INFO: Logged: 5 [] []
[2018-04-18 23:05:27] Laboration 1.INFO: Hello [] []
[2018-04-18 23:05:27] Laboration 1.INFO: Logged: 6 [] []
[2018-04-18 23:05:27] Laboration 1.INFO: Hello [] []
[2018-04-18 23:05:27] Laboration 1.INFO: Logged: 7 [] []
[2018-04-18 23:05:27] Laboration 1.INFO: Hello [] []
[2018-04-18 23:05:27] Laboration 1.INFO: Logged: 8 [] []
[2018-04-18 23:05:27] Laboration 1.INFO: Hello [] []
[2018-04-18 23:05:27] Laboration 1.INFO: Logged: 9 [] []
[2018-04-18 23:05:27] Laboration 1.INFO: Hello [] []
[2018-04-18 23:05:27] Laboration 1.INFO: Logged: 10 [] []
[2018-04-18 23:05:27] Laboration 1.INFO: Hello [] []
[2018-04-18 23:05:27] Laboration 1.INFO: Logged: 11 [] []
[2018-04-18 23:05:27] Laboration 1.INFO: Hello [] []
[2018-04-18 23:05:27] Laboration 1.INFO: Logged: 12 [] []
[2018-04-18 23:05:27] Laboration 1.INFO: Hello [] []
[2018-04-18 23:05:27] Laboration 1.INFO: Logged: 13 [] []
[2018-04-18 23:05:27] Laboration 1.INFO: Hello [] []
[2018-04-18 23:05:27] Laboration 1.INFO: Logged: 14 [] []
[2018-04-18 23:05:27] Laboration 1.INFO: Hello [] []
[2018-04-18 23:05:27] Laboration 1.INFO: Logged: 15 [] []
[2018-04-18 23:05:27] Laboration 1.INFO: Hello [] []
[2018-04-18 23:05:27] Laboration 1.INFO: Logged: 16 [] []
[2018-04-18 23:05:27] Laboration 1.INFO: Hello [] []
[2018-04-18 23:05:27] Laboration 1.INFO: Logged: 17 [] []
[2018-04-18 23:05:27] Laboration 1.INFO: Hello [] []
[2018-04-18 23:11:58] Laboration 1.INFO: Logged: 1 [] []
[2018-04-18 23:11:58] Laboration 1.INFO: User logged [] []
[2018-04-18 23:11:58] Laboration 1.INFO: Logged: 2 [] []
[2018-04-18 23:11:58] Laboration 1.INFO: User logged [] []
[2018-04-18 23:11:58] Laboration 1.INFO: Logged: 3 [] []
[2018-04-18 23:11:58] Laboration 1.INFO: User logged [] []
[2018-04-18 23:11:58] Laboration 1.INFO: Logged: 4 [] []
[2018-04-18 23:11:58] Laboration 1.INFO: User logged [] []
[2018-04-18 23:11:58] Laboration 1.INFO: Logged: 5 [] []
[2018-04-18 23:11:58] Laboration 1.INFO: User logged [] []
[2018-04-18 23:11:58] Laboration 1.INFO: Logged: 6 [] []
[2018-04-18 23:11:58] Laboration 1.INFO: User logged [] []
[2018-04-18 23:11:58] Laboration 1.INFO: Logged: 7 [] []
[2018-04-18 23:11:58] Laboration 1.INFO: User logged [] []
[2018-04-18 23:11:58] Laboration 1.INFO: Logged: 8 [] []
[2018-04-18 23:11:58] Laboration 1.INFO: User logged [] []
[2018-04-18 23:11:58] Laboration 1.INFO: Logged: 9 [] []
[2018-04-18 23:11:58] Laboration 1.INFO: User logged [] []
[2018-04-18 23:11:58] Laboration 1.INFO: Logged: 10 [] []
[2018-04-18 23:11:58] Laboration 1.INFO: User logged [] []
[2018-04-18 23:11:58] Laboration 1.INFO: Logged: 11 [] []
[2018-04-18 23:11:58] Laboration 1.INFO: User logged [] []
[2018-04-18 23:11:58] Laboration 1.INFO: Logged: 12 [] []
[2018-04-18 23:11:58] Laboration 1.INFO: User logged [] []
[2018-04-18 23:11:58] Laboration 1.INFO: Logged: 13 [] []
[2018-04-18 23:11:58] Laboration 1.INFO: User logged [] []
[2018-04-18 23:11:58] Laboration 1.INFO: Logged: 14 [] []
[2018-04-18 23:11:58] Laboration 1.INFO: User logged [] []
[2018-04-18 23:11:58] Laboration 1.INFO: Logged: 15 [] []
[2018-04-18 23:11:58] Laboration 1.INFO: User logged [] []
[2018-04-18 23:11:58] Laboration 1.INFO: Logged: 16 [] []
[2018-04-18 23:11:58] Laboration 1.INFO: User logged [] []
[2018-04-18 23:11:58] Laboration 1.INFO: Logged: 17 [] []
[2018-04-18 23:11:58] Laboration 1.INFO: User logged [] []
[2018-04-18 23:12:13] Laboration 1.INFO: Logged: 1 [] []
[2018-04-18 23:12:13] Laboration 1.INFO: User logged [] []
[2018-04-18 23:12:13] Laboration 1.INFO: Logged: 2 [] []
[2018-04-18 23:12:13] Laboration 1.INFO: User logged [] []
[2018-04-18 23:12:13] Laboration 1.INFO: Logged: 3 [] []
[2018-04-18 23:12:13] Laboration 1.INFO: User logged [] []
[2018-04-18 23:12:13] Laboration 1.INFO: Logged: 4 [] []
[2018-04-18 23:12:13] Laboration 1.INFO: User logged [] []
[2018-04-18 23:12:13] Laboration 1.INFO: Logged: 5 [] []
[2018-04-18 23:12:13] Laboration 1.INFO: User logged [] []
[2018-04-18 23:12:13] Laboration 1.INFO: Logged: 6 [] []
[2018-04-18 23:12:13] Laboration 1.INFO: User logged [] []
[2018-04-18 23:12:13] Laboration 1.INFO: Logged: 7 [] []
[2018-04-18 23:12:13] Laboration 1.INFO: User logged [] []
[2018-04-18 23:12:13] Laboration 1.INFO: Logged: 8 [] []
[2018-04-18 23:12:13] Laboration 1.INFO: User logged [] []
[2018-04-18 23:12:13] Laboration 1.INFO: Logged: 9 [] []
[2018-04-18 23:12:13] Laboration 1.INFO: User logged [] []
[2018-04-18 23:12:13] Laboration 1.INFO: Logged: 10 [] []
[2018-04-18 23:12:13] Laboration 1.INFO: User logged [] []
[2018-04-18 23:12:13] Laboration 1.INFO: Logged: 11 [] []
[2018-04-18 23:12:13] Laboration 1.INFO: User logged [] []
[2018-04-18 23:12:13] Laboration 1.INFO: Logged: 12 [] []
[2018-04-18 23:12:13] Laboration 1.INFO: User logged [] []
[2018-04-18 23:12:13] Laboration 1.INFO: Logged: 13 [] []
[2018-04-18 23:12:13] Laboration 1.INFO: User logged [] []
[2018-04-18 23:12:13] Laboration 1.INFO: Logged: 14 [] []
[2018-04-18 23:12:13] Laboration 1.INFO: User logged [] []
[2018-04-18 23:12:13] Laboration 1.INFO: Logged: 15 [] []
[2018-04-18 23:12:13] Laboration 1.INFO: User logged [] []
[2018-04-18 23:12:13] Laboration 1.INFO: Logged: 16 [] []
[2018-04-18 23:12:13] Laboration 1.INFO: User logged [] []
[2018-04-18 23:12:13] Laboration 1.INFO: Logged: 17 [] []
[2018-04-18 23:12:13] Laboration 1.INFO: User logged [] []
[2018-04-18 23:16:14] Laboration 1.INFO: yes [] []
[2018-04-18 23:16:14] Laboration 1.INFO: Logged: 1 [] []
[2018-04-18 23:16:14] Laboration 1.INFO: User logged [] []
[2018-04-18 23:16:14] Laboration 1.INFO: Logged: 2 [] []
[2018-04-18 23:16:14] Laboration 1.INFO: User logged [] []
[2018-04-18 23:16:14] Laboration 1.INFO: Logged: 3 [] []
[2018-04-18 23:16:14] Laboration 1.INFO: User logged [] []
[2018-04-18 23:16:14] Laboration 1.INFO: Logged: 4 [] []
[2018-04-18 23:16:14] Laboration 1.INFO: User logged [] []
[2018-04-18 23:16:14] Laboration 1.INFO: Logged: 5 [] []
[2018-04-18 23:16:14] Laboration 1.INFO: User logged [] []
[2018-04-18 23:16:14] Laboration 1.INFO: Logged: 6 [] []
[2018-04-18 23:16:14] Laboration 1.INFO: User logged [] []
[2018-04-18 23:16:14] Laboration 1.INFO: Logged: 7 [] []
[2018-04-18 23:16:14] Laboration 1.INFO: User logged [] []
[2018-04-18 23:16:14] Laboration 1.INFO: Logged: 8 [] []
[2018-04-18 23:16:14] Laboration 1.INFO: User logged [] []
[2018-04-18 23:16:14] Laboration 1.INFO: Logged: 9 [] []
[2018-04-18 23:16:14] Laboration 1.INFO: User logged [] []
[2018-04-18 23:16:14] Laboration 1.INFO: Logged: 10 [] []
[2018-04-18 23:16:14] Laboration 1.INFO: User logged [] []
[2018-04-18 23:16:14] Laboration 1.INFO: Logged: 11 [] []
[2018-04-18 23:16:14] Laboration 1.INFO: User logged [] []
[2018-04-18 23:16:14] Laboration 1.INFO: Logged: 12 [] []
[2018-04-18 23:16:14] Laboration 1.INFO: User logged [] []
[2018-04-18 23:16:14] Laboration 1.INFO: Logged: 13 [] []
[2018-04-18 23:16:14] Laboration 1.INFO: User logged [] []
[2018-04-18 23:16:14] Laboration 1.INFO: Logged: 14 [] []
[2018-04-18 23:16:14] Laboration 1.INFO: User logged [] []
[2018-04-18 23:16:14] Laboration 1.INFO: Logged: 15 [] []
[2018-04-18 23:16:14] Laboration 1.INFO: User logged [] []
[2018-04-18 23:16:14] Laboration 1.INFO: Logged: 16 [] []
[2018-04-18 23:16:14] Laboration 1.INFO: User logged [] []
[2018-04-18 23:16:14] Laboration 1.INFO: Logged: 17 [] []
[2018-04-18 23:16:14] Laboration 1.INFO: User logged [] []
[2018-04-18 23:16:18] Laboration 1.INFO: yes2 [] []
[2018-04-18 23:16:18] Laboration 1.INFO: Logged: 1 [] []
[2018-04-18 23:16:18] Laboration 1.INFO: User logged [] []
[2018-04-18 23:16:18] Laboration 1.INFO: Logged: 2 [] []
[2018-04-18 23:16:18] Laboration 1.INFO: User logged [] []
[2018-04-18 23:16:18] Laboration 1.INFO: Logged: 3 [] []
[2018-04-18 23:16:18] Laboration 1.INFO: User logged [] []
[2018-04-18 23:16:18] Laboration 1.INFO: Logged: 4 [] []
[2018-04-18 23:16:18] Laboration 1.INFO: User logged [] []
[2018-04-18 23:16:18] Laboration 1.INFO: Logged: 5 [] []
[2018-04-18 23:16:18] Laboration 1.INFO: User logged [] []
[2018-04-18 23:16:18] Laboration 1.INFO: Logged: 6 [] []
[2018-04-18 23:16:18] Laboration 1.INFO: User logged [] []
[2018-04-18 23:16:18] Laboration 1.INFO: Logged: 7 [] []
[2018-04-18 23:16:18] Laboration 1.INFO: User logged [] []
[2018-04-18 23:16:18] Laboration 1.INFO: Logged: 8 [] []
[2018-04-18 23:16:18] Laboration 1.INFO: User logged [] []
[2018-04-18 23:16:18] Laboration 1.INFO: Logged: 9 [] []
[2018-04-18 23:16:18] Laboration 1.INFO: User logged [] []
[2018-04-18 23:16:18] Laboration 1.INFO: Logged: 10 [] []
[2018-04-18 23:16:18] Laboration 1.INFO: User logged [] []
[2018-04-18 23:16:18] Laboration 1.INFO: Logged: 11 [] []
[2018-04-18 23:16:18] Laboration 1.INFO: User logged [] []
[2018-04-18 23:16:18] Laboration 1.INFO: Logged: 12 [] []
[2018-04-18 23:16:18] Laboration 1.INFO: User logged [] []
[2018-04-18 23:16:18] Laboration 1.INFO: Logged: 13 [] []
[2018-04-18 23:16:18] Laboration 1.INFO: User logged [] []
[2018-04-18 23:16:18] Laboration 1.INFO: Logged: 14 [] []
[2018-04-18 23:16:18] Laboration 1.INFO: User logged [] []
[2018-04-18 23:16:18] Laboration 1.INFO: Logged: 15 [] []
[2018-04-18 23:16:18] Laboration 1.INFO: User logged [] []
[2018-04-18 23:16:18] Laboration 1.INFO: Logged: 16 [] []
[2018-04-18 23:16:18] Laboration 1.INFO: User logged [] []
[2018-04-18 23:16:18] Laboration 1.INFO: Logged: 17 [] []
[2018-04-18 23:16:18] Laboration 1.INFO: User logged [] []
[2018-04-18 23:16:21] Laboration 1.INFO: yes10 [] []
[2018-04-18 23:16:21] Laboration 1.INFO: Logged: 1 [] []
[2018-04-18 23:16:21] Laboration 1.INFO: User logged [] []
[2018-04-18 23:16:21] Laboration 1.INFO: Logged: 2 [] []
[2018-04-18 23:16:21] Laboration 1.INFO: User logged [] []
[2018-04-18 23:16:21] Laboration 1.INFO: Logged: 3 [] []
[2018-04-18 23:16:21] Laboration 1.INFO: User logged [] []
[2018-04-18 23:16:21] Laboration 1.INFO: Logged: 4 [] []
[2018-04-18 23:16:21] Laboration 1.INFO: User logged [] []
[2018-04-18 23:16:21] Laboration 1.INFO: Logged: 5 [] []
[2018-04-18 23:16:21] Laboration 1.INFO: User logged [] []
[2018-04-18 23:16:21] Laboration 1.INFO: Logged: 6 [] []
[2018-04-18 23:16:21] Laboration 1.INFO: User logged [] []
[2018-04-18 23:16:21] Laboration 1.INFO: Logged: 7 [] []
[2018-04-18 23:16:21] Laboration 1.INFO: User logged [] []
[2018-04-18 23:16:21] Laboration 1.INFO: Logged: 8 [] []
[2018-04-18 23:16:21] Laboration 1.INFO: User logged [] []
[2018-04-18 23:16:21] Laboration 1.INFO: Logged: 9 [] []
[2018-04-18 23:16:21] Laboration 1.INFO: User logged [] []
[2018-04-18 23:16:21] Laboration 1.INFO: Logged: 10 [] []
[2018-04-18 23:16:21] Laboration 1.INFO: User logged [] []
[2018-04-18 23:16:21] Laboration 1.INFO: Logged: 11 [] []
[2018-04-18 23:16:21] Laboration 1.INFO: User logged [] []
[2018-04-18 23:16:21] Laboration 1.INFO: Logged: 12 [] []
[2018-04-18 23:16:21] Laboration 1.INFO: User logged [] []
[2018-04-18 23:16:21] Laboration 1.INFO: Logged: 13 [] []
[2018-04-18 23:16:21] Laboration 1.INFO: User logged [] []
[2018-04-18 23:16:21] Laboration 1.INFO: Logged: 14 [] []
[2018-04-18 23:16:21] Laboration 1.INFO: User logged [] []
[2018-04-18 23:16:21] Laboration 1.INFO: Logged: 15 [] []
[2018-04-18 23:16:21] Laboration 1.INFO: User logged [] []
[2018-04-18 23:16:21] Laboration 1.INFO: Logged: 16 [] []
[2018-04-18 23:16:21] Laboration 1.INFO: User logged [] []
[2018-04-18 23:16:21] Laboration 1.INFO: Logged: 17 [] []
[2018-04-18 23:16:21] Laboration 1.INFO: User logged [] []
[2018-04-18 23:18:21] Laboration 1.INFO: Logged: 1 [] []
[2018-04-18 23:18:21] Laboration 1.INFO: User logged [] []
[2018-04-18 23:18:21] Laboration 1.INFO: Logged: 2 [] []
[2018-04-18 23:18:21] Laboration 1.INFO: User logged [] []
[2018-04-18 23:18:21] Laboration 1.INFO: Logged: 3 [] []
[2018-04-18 23:18:21] Laboration 1.INFO: User logged [] []
[2018-04-18 23:18:21] Laboration 1.INFO: Logged: 4 [] []
[2018-04-18 23:18:21] Laboration 1.INFO: User logged [] []
[2018-04-18 23:18:21] Laboration 1.INFO: Logged: 5 [] []
[2018-04-18 23:18:21] Laboration 1.INFO: User logged [] []
[2018-04-18 23:18:21] Laboration 1.INFO: Logged: 6 [] []
[2018-04-18 23:18:21] Laboration 1.INFO: User logged [] []
[2018-04-18 23:18:21] Laboration 1.INFO: Logged: 7 [] []
[2018-04-18 23:18:21] Laboration 1.INFO: User logged [] []
[2018-04-18 23:18:21] Laboration 1.INFO: Logged: 8 [] []
[2018-04-18 23:18:21] Laboration 1.INFO: User logged [] []
[2018-04-18 23:18:21] Laboration 1.INFO: Logged: 9 [] []
[2018-04-18 23:18:21] Laboration 1.INFO: User logged [] []
[2018-04-18 23:18:21] Laboration 1.INFO: Logged: 10 [] []
[2018-04-18 23:18:21] Laboration 1.INFO: User logged [] []
[2018-04-18 23:18:21] Laboration 1.INFO: Logged: 11 [] []
[2018-04-18 23:18:21] Laboration 1.INFO: User logged [] []
[2018-04-18 23:18:21] Laboration 1.INFO: Logged: 12 [] []
[2018-04-18 23:18:21] Laboration 1.INFO: User logged [] []
[2018-04-18 23:18:21] Laboration 1.INFO: Logged: 13 [] []
[2018-04-18 23:18:21] Laboration 1.INFO: User logged [] []
[2018-04-18 23:18:21] Laboration 1.INFO: Logged: 14 [] []
[2018-04-18 23:18:21] Laboration 1.INFO: User logged [] []
[2018-04-18 23:18:21] Laboration 1.INFO: Logged: 15 [] []
[2018-04-18 23:18:21] Laboration 1.INFO: User logged [] []
[2018-04-18 23:18:21] Laboration 1.INFO: Logged: 16 [] []
[2018-04-18 23:18:21] Laboration 1.INFO: User logged [] []
[2018-04-18 23:18:21] Laboration 1.INFO: Logged: 17 [] []
[2018-04-18 23:18:21] Laboration 1.INFO: User logged [] []
[2018-04-18 23:18:57] Laboration 1.INFO: Logged: 1 [] []
[2018-04-18 23:18:57] Laboration 1.INFO: yes10 [] []
[2018-04-18 23:18:57] Laboration 1.INFO: User logged [] []
[2018-04-18 23:18:57] Laboration 1.INFO: Logged: 2 [] []
[2018-04-18 23:18:57] Laboration 1.INFO: yes10 [] []
[2018-04-18 23:18:57] Laboration 1.INFO: User logged [] []
[2018-04-18 23:18:57] Laboration 1.INFO: Logged: 3 [] []
[2018-04-18 23:18:57] Laboration 1.INFO: yes10 [] []
[2018-04-18 23:18:57] Laboration 1.INFO: User logged [] []
[2018-04-18 23:18:57] Laboration 1.INFO: Logged: 4 [] []
[2018-04-18 23:18:57] Laboration 1.INFO: yes10 [] []
[2018-04-18 23:18:57] Laboration 1.INFO: User logged [] []
[2018-04-18 23:18:57] Laboration 1.INFO: Logged: 5 [] []
[2018-04-18 23:18:57] Laboration 1.INFO: yes10 [] []
[2018-04-18 23:18:57] Laboration 1.INFO: User logged [] []
[2018-04-18 23:18:57] Laboration 1.INFO: Logged: 6 [] []
[2018-04-18 23:18:57] Laboration 1.INFO: yes10 [] []
[2018-04-18 23:18:57] Laboration 1.INFO: User logged [] []
[2018-04-18 23:18:57] Laboration 1.INFO: Logged: 7 [] []
[2018-04-18 23:18:57] Laboration 1.INFO: yes10 [] []
[2018-04-18 23:18:57] Laboration 1.INFO: User logged [] []
[2018-04-18 23:18:57] Laboration 1.INFO: Logged: 8 [] []
[2018-04-18 23:18:57] Laboration 1.INFO: yes10 [] []
[2018-04-18 23:18:57] Laboration 1.INFO: User logged [] []
[2018-04-18 23:18:57] Laboration 1.INFO: Logged: 9 [] []
[2018-04-18 23:18:57] Laboration 1.INFO: yes10 [] []
[2018-04-18 23:18:57] Laboration 1.INFO: User logged [] []
[2018-04-18 23:18:57] Laboration 1.INFO: Logged: 10 [] []
[2018-04-18 23:18:57] Laboration 1.INFO: yes10 [] []
[2018-04-18 23:18:57] Laboration 1.INFO: User logged [] []
[2018-04-18 23:18:57] Laboration 1.INFO: Logged: 11 [] []
[2018-04-18 23:18:57] Laboration 1.INFO: yes10 [] []
[2018-04-18 23:18:57] Laboration 1.INFO: User logged [] []
[2018-04-18 23:18:57] Laboration 1.INFO: Logged: 12 [] []
[2018-04-18 23:18:57] Laboration 1.INFO: yes10 [] []
[2018-04-18 23:18:57] Laboration 1.INFO: User logged [] []
[2018-04-18 23:18:57] Laboration 1.INFO: Logged: 13 [] []
[2018-04-18 23:18:57] Laboration 1.INFO: yes10 [] []
[2018-04-18 23:18:57] Laboration 1.INFO: User logged [] []
[2018-04-18 23:18:57] Laboration 1.INFO: Logged: 14 [] []
[2018-04-18 23:18:57] Laboration 1.INFO: yes10 [] []
[2018-04-18 23:18:57] Laboration 1.INFO: User logged [] []
[2018-04-18 23:18:57] Laboration 1.INFO: Logged: 15 [] []
[2018-04-18 23:18:57] Laboration 1.INFO: yes10 [] []
[2018-04-18 23:18:57] Laboration 1.INFO: User logged [] []
[2018-04-18 23:18:57] Laboration 1.INFO: Logged: 16 [] []
[2018-04-18 23:18:57] Laboration 1.INFO: yes10 [] []
[2018-04-18 23:18:57] Laboration 1.INFO: User logged [] []
[2018-04-18 23:18:57] Laboration 1.INFO: Logged: 17 [] []
[2018-04-18 23:18:57] Laboration 1.INFO: yes10 [] []
[2018-04-18 23:18:57] Laboration 1.INFO: User logged [] []
[2018-04-18 23:19:01] Laboration 1.INFO: Logged: 1 [] []
[2018-04-18 23:19:01] Laboration 1.INFO: yes3 [] []
[2018-04-18 23:19:01] Laboration 1.INFO: User logged [] []
[2018-04-18 23:19:01] Laboration 1.INFO: Logged: 2 [] []
[2018-04-18 23:19:01] Laboration 1.INFO: yes3 [] []
[2018-04-18 23:19:01] Laboration 1.INFO: User logged [] []
[2018-04-18 23:19:01] Laboration 1.INFO: Logged: 3 [] []
[2018-04-18 23:19:01] Laboration 1.INFO: yes3 [] []
[2018-04-18 23:19:01] Laboration 1.INFO: User logged [] []
[2018-04-18 23:19:01] Laboration 1.INFO: Logged: 4 [] []
[2018-04-18 23:19:01] Laboration 1.INFO: yes3 [] []
[2018-04-18 23:19:01] Laboration 1.INFO: User logged [] []
[2018-04-18 23:19:01] Laboration 1.INFO: Logged: 5 [] []
[2018-04-18 23:19:01] Laboration 1.INFO: yes3 [] []
[2018-04-18 23:19:01] Laboration 1.INFO: User logged [] []
[2018-04-18 23:19:01] Laboration 1.INFO: Logged: 6 [] []
[2018-04-18 23:19:01] Laboration 1.INFO: yes3 [] []
[2018-04-18 23:19:01] Laboration 1.INFO: User logged [] []
[2018-04-18 23:19:01] Laboration 1.INFO: Logged: 7 [] []
[2018-04-18 23:19:01] Laboration 1.INFO: yes3 [] []
[2018-04-18 23:19:01] Laboration 1.INFO: User logged [] []
[2018-04-18 23:19:01] Laboration 1.INFO: Logged: 8 [] []
[2018-04-18 23:19:01] Laboration 1.INFO: yes3 [] []
[2018-04-18 23:19:01] Laboration 1.INFO: User logged [] []
[2018-04-18 23:19:01] Laboration 1.INFO: Logged: 9 [] []
[2018-04-18 23:19:01] Laboration 1.INFO: yes3 [] []
[2018-04-18 23:19:01] Laboration 1.INFO: User logged [] []
[2018-04-18 23:19:01] Laboration 1.INFO: Logged: 10 [] []
[2018-04-18 23:19:01] Laboration 1.INFO: yes3 [] []
[2018-04-18 23:19:01] Laboration 1.INFO: User logged [] []
[2018-04-18 23:19:01] Laboration 1.INFO: Logged: 11 [] []
[2018-04-18 23:19:01] Laboration 1.INFO: yes3 [] []
[2018-04-18 23:19:01] Laboration 1.INFO: User logged [] []
[2018-04-18 23:19:01] Laboration 1.INFO: Logged: 12 [] []
[2018-04-18 23:19:01] Laboration 1.INFO: yes3 [] []
[2018-04-18 23:19:01] Laboration 1.INFO: User logged [] []
[2018-04-18 23:19:01] Laboration 1.INFO: Logged: 13 [] []
[2018-04-18 23:19:01] Laboration 1.INFO: yes3 [] []
[2018-04-18 23:19:01] Laboration 1.INFO: User logged [] []
[2018-04-18 23:19:01] Laboration 1.INFO: Logged: 14 [] []
[2018-04-18 23:19:01] Laboration 1.INFO: yes3 [] []
[2018-04-18 23:19:01] Laboration 1.INFO: User logged [] []
[2018-04-18 23:19:01] Laboration 1.INFO: Logged: 15 [] []
[2018-04-18 23:19:01] Laboration 1.INFO: yes3 [] []
[2018-04-18 23:19:01] Laboration 1.INFO: User logged [] []
[2018-04-18 23:19:01] Laboration 1.INFO: Logged: 16 [] []
[2018-04-18 23:19:01] Laboration 1.INFO: yes3 [] []
[2018-04-18 23:19:01] Laboration 1.INFO: User logged [] []
[2018-04-18 23:19:01] Laboration 1.INFO: Logged: 17 [] []
[2018-04-18 23:19:01] Laboration 1.INFO: yes3 [] []
[2018-04-18 23:19:01] Laboration 1.INFO: User logged [] []
[2018-04-18 23:19:22] Laboration 1.INFO: Logged: 1 [] []
[2018-04-18 23:19:22] Laboration 1.INFO: yes11 [] []
[2018-04-18 23:19:22] Laboration 1.INFO: User logged [] []
[2018-04-18 23:19:22] Laboration 1.INFO: Logged: 2 [] []
[2018-04-18 23:19:22] Laboration 1.INFO: yes11 [] []
[2018-04-18 23:19:22] Laboration 1.INFO: User logged [] []
[2018-04-18 23:19:22] Laboration 1.INFO: Logged: 3 [] []
[2018-04-18 23:19:22] Laboration 1.INFO: yes11 [] []
[2018-04-18 23:19:22] Laboration 1.INFO: User logged [] []
[2018-04-18 23:19:22] Laboration 1.INFO: Logged: 4 [] []
[2018-04-18 23:19:22] Laboration 1.INFO: yes11 [] []
[2018-04-18 23:19:22] Laboration 1.INFO: User logged [] []
[2018-04-18 23:19:22] Laboration 1.INFO: Logged: 5 [] []
[2018-04-18 23:19:22] Laboration 1.INFO: yes11 [] []
[2018-04-18 23:19:22] Laboration 1.INFO: User logged [] []
[2018-04-18 23:19:22] Laboration 1.INFO: Logged: 6 [] []
[2018-04-18 23:19:22] Laboration 1.INFO: yes11 [] []
[2018-04-18 23:19:22] Laboration 1.INFO: User logged [] []
[2018-04-18 23:19:22] Laboration 1.INFO: Logged: 7 [] []
[2018-04-18 23:19:22] Laboration 1.INFO: yes11 [] []
[2018-04-18 23:19:22] Laboration 1.INFO: User logged [] []
[2018-04-18 23:19:22] Laboration 1.INFO: Logged: 8 [] []
[2018-04-18 23:19:22] Laboration 1.INFO: yes11 [] []
[2018-04-18 23:19:22] Laboration 1.INFO: User logged [] []
[2018-04-18 23:19:22] Laboration 1.INFO: Logged: 9 [] []
[2018-04-18 23:19:22] Laboration 1.INFO: yes11 [] []
[2018-04-18 23:19:22] Laboration 1.INFO: User logged [] []
[2018-04-18 23:19:22] Laboration 1.INFO: Logged: 10 [] []
[2018-04-18 23:19:22] Laboration 1.INFO: yes11 [] []
[2018-04-18 23:19:22] Laboration 1.INFO: User logged [] []
[2018-04-18 23:19:22] Laboration 1.INFO: Logged: 11 [] []
[2018-04-18 23:19:22] Laboration 1.INFO: yes11 [] []
[2018-04-18 23:19:22] Laboration 1.INFO: User logged [] []
[2018-04-18 23:19:22] Laboration 1.INFO: Logged: 12 [] []
[2018-04-18 23:19:22] Laboration 1.INFO: yes11 [] []
[2018-04-18 23:19:22] Laboration 1.INFO: User logged [] []
[2018-04-18 23:19:22] Laboration 1.INFO: Logged: 13 [] []
[2018-04-18 23:19:22] Laboration 1.INFO: yes11 [] []
[2018-04-18 23:19:22] Laboration 1.INFO: User logged [] []
[2018-04-18 23:19:22] Laboration 1.INFO: Logged: 14 [] []
[2018-04-18 23:19:22] Laboration 1.INFO: yes11 [] []
[2018-04-18 23:19:22] Laboration 1.INFO: User logged [] []
[2018-04-18 23:19:22] Laboration 1.INFO: Logged: 15 [] []
[2018-04-18 23:19:22] Laboration 1.INFO: yes11 [] []
[2018-04-18 23:19:22] Laboration 1.INFO: User logged [] []
[2018-04-18 23:19:22] Laboration 1.INFO: Logged: 16 [] []
[2018-04-18 23:19:22] Laboration 1.INFO: yes11 [] []
[2018-04-18 23:19:22] Laboration 1.INFO: User logged [] []
[2018-04-18 23:19:22] Laboration 1.INFO: Logged: 17 [] []
[2018-04-18 23:19:22] Laboration 1.INFO: yes11 [] []
[2018-04-18 23:19:22] Laboration 1.INFO: User logged [] []
[2018-04-18 23:20:11] Laboration 1.INFO: Logged: 1 [] []
[2018-04-18 23:20:11] Laboration 1.INFO: User in: 11 [] []
[2018-04-18 23:20:11] Laboration 1.INFO: Logged: 2 [] []
[2018-04-18 23:20:11] Laboration 1.INFO: User in: 11 [] []
[2018-04-18 23:20:11] Laboration 1.INFO: Logged: 3 [] []
[2018-04-18 23:20:11] Laboration 1.INFO: User in: 11 [] []
[2018-04-18 23:20:11] Laboration 1.INFO: Logged: 4 [] []
[2018-04-18 23:20:11] Laboration 1.INFO: User in: 11 [] []
[2018-04-18 23:20:11] Laboration 1.INFO: Logged: 5 [] []
[2018-04-18 23:20:11] Laboration 1.INFO: User in: 11 [] []
[2018-04-18 23:20:11] Laboration 1.INFO: Logged: 6 [] []
[2018-04-18 23:20:11] Laboration 1.INFO: User in: 11 [] []
[2018-04-18 23:20:11] Laboration 1.INFO: Logged: 7 [] []
[2018-04-18 23:20:11] Laboration 1.INFO: User in: 11 [] []
[2018-04-18 23:20:11] Laboration 1.INFO: Logged: 8 [] []
[2018-04-18 23:20:11] Laboration 1.INFO: User in: 11 [] []
[2018-04-18 23:20:11] Laboration 1.INFO: Logged: 9 [] []
[2018-04-18 23:20:11] Laboration 1.INFO: User in: 11 [] []
[2018-04-18 23:20:11] Laboration 1.INFO: Logged: 10 [] []
[2018-04-18 23:20:11] Laboration 1.INFO: User in: 11 [] []
[2018-04-18 23:20:11] Laboration 1.INFO: Logged: 11 [] []
[2018-04-18 23:20:11] Laboration 1.INFO: User in: 11 [] []
[2018-04-18 23:20:11] Laboration 1.INFO: Logged: 12 [] []
[2018-04-18 23:20:11] Laboration 1.INFO: User in: 11 [] []
[2018-04-18 23:20:11] Laboration 1.INFO: Logged: 13 [] []
[2018-04-18 23:20:11] Laboration 1.INFO: User in: 11 [] []
[2018-04-18 23:20:11] Laboration 1.INFO: Logged: 14 [] []
[2018-04-18 23:20:11] Laboration 1.INFO: User in: 11 [] []
[2018-04-18 23:20:11] Laboration 1.INFO: Logged: 15 [] []
[2018-04-18 23:20:11] Laboration 1.INFO: User in: 11 [] []
[2018-04-18 23:20:11] Laboration 1.INFO: Logged: 16 [] []
[2018-04-18 23:20:11] Laboration 1.INFO: User in: 11 [] []
[2018-04-18 23:20:11] Laboration 1.INFO: Logged: 17 [] []
[2018-04-18 23:20:11] Laboration 1.INFO: User in: 11 [] []
[2018-04-18 23:20:14] Laboration 1.INFO: Logged: 1 [] []
[2018-04-18 23:20:14] Laboration 1.INFO: User in: 2 [] []
[2018-04-18 23:20:14] Laboration 1.INFO: Logged: 2 [] []
[2018-04-18 23:20:14] Laboration 1.INFO: User in: 2 [] []
[2018-04-18 23:20:14] Laboration 1.INFO: Logged: 3 [] []
[2018-04-18 23:20:14] Laboration 1.INFO: User in: 2 [] []
[2018-04-18 23:20:14] Laboration 1.INFO: Logged: 4 [] []
[2018-04-18 23:20:14] Laboration 1.INFO: User in: 2 [] []
[2018-04-18 23:20:14] Laboration 1.INFO: Logged: 5 [] []
[2018-04-18 23:20:14] Laboration 1.INFO: User in: 2 [] []
[2018-04-18 23:20:14] Laboration 1.INFO: Logged: 6 [] []
[2018-04-18 23:20:14] Laboration 1.INFO: User in: 2 [] []
[2018-04-18 23:20:14] Laboration 1.INFO: Logged: 7 [] []
[2018-04-18 23:20:14] Laboration 1.INFO: User in: 2 [] []
[2018-04-18 23:20:14] Laboration 1.INFO: Logged: 8 [] []
[2018-04-18 23:20:14] Laboration 1.INFO: User in: 2 [] []
[2018-04-18 23:20:14] Laboration 1.INFO: Logged: 9 [] []
[2018-04-18 23:20:14] Laboration 1.INFO: User in: 2 [] []
[2018-04-18 23:20:14] Laboration 1.INFO: Logged: 10 [] []
[2018-04-18 23:20:14] Laboration 1.INFO: User in: 2 [] []
[2018-04-18 23:20:14] Laboration 1.INFO: Logged: 11 [] []
[2018-04-18 23:20:14] Laboration 1.INFO: User in: 2 [] []
[2018-04-18 23:20:14] Laboration 1.INFO: Logged: 12 [] []
[2018-04-18 23:20:14] Laboration 1.INFO: User in: 2 [] []
[2018-04-18 23:20:14] Laboration 1.INFO: Logged: 13 [] []
[2018-04-18 23:20:14] Laboration 1.INFO: User in: 2 [] []
[2018-04-18 23:20:14] Laboration 1.INFO: Logged: 14 [] []
[2018-04-18 23:20:14] Laboration 1.INFO: User in: 2 [] []
[2018-04-18 23:20:14] Laboration 1.INFO: Logged: 15 [] []
[2018-04-18 23:20:14] Laboration 1.INFO: User in: 2 [] []
[2018-04-18 23:20:14] Laboration 1.INFO: Logged: 16 [] []
[2018-04-18 23:20:14] Laboration 1.INFO: User in: 2 [] []
[2018-04-18 23:20:14] Laboration 1.INFO: Logged: 17 [] []
[2018-04-18 23:20:14] Laboration 1.INFO: User in: 2 [] []
[2018-04-18 23:27:28] Laboration 1.INFO: Logged: 1 [] []
[2018-04-18 23:27:28] Laboration 1.INFO: User in: 13 [] []
[2018-04-18 23:27:28] Laboration 1.INFO: Logged: 2 [] []
[2018-04-18 23:27:28] Laboration 1.INFO: User in: 13 [] []
[2018-04-18 23:27:28] Laboration 1.INFO: Logged: 3 [] []
[2018-04-18 23:27:28] Laboration 1.INFO: User in: 13 [] []
[2018-04-18 23:27:28] Laboration 1.INFO: Logged: 4 [] []
[2018-04-18 23:27:28] Laboration 1.INFO: User in: 13 [] []
[2018-04-18 23:27:28] Laboration 1.INFO: Logged: 5 [] []
[2018-04-18 23:27:28] Laboration 1.INFO: User in: 13 [] []
[2018-04-18 23:27:28] Laboration 1.INFO: Logged: 6 [] []
[2018-04-18 23:27:28] Laboration 1.INFO: User in: 13 [] []
[2018-04-18 23:27:28] Laboration 1.INFO: Logged: 7 [] []
[2018-04-18 23:27:28] Laboration 1.INFO: User in: 13 [] []
[2018-04-18 23:27:28] Laboration 1.INFO: Logged: 8 [] []
[2018-04-18 23:27:28] Laboration 1.INFO: User in: 13 [] []
[2018-04-18 23:27:28] Laboration 1.INFO: Logged: 9 [] []
[2018-04-18 23:27:28] Laboration 1.INFO: User in: 13 [] []
[2018-04-18 23:27:28] Laboration 1.INFO: Logged: 10 [] []
[2018-04-18 23:27:28] Laboration 1.INFO: User in: 13 [] []
[2018-04-18 23:27:28] Laboration 1.INFO: Logged: 11 [] []
[2018-04-18 23:27:28] Laboration 1.INFO: User in: 13 [] []
[2018-04-18 23:27:28] Laboration 1.INFO: Logged: 12 [] []
[2018-04-18 23:27:28] Laboration 1.INFO: User in: 13 [] []
[2018-04-18 23:27:28] Laboration 1.INFO: Logged: 13 [] []
[2018-04-18 23:27:28] Laboration 1.INFO: User in: 13 [] []
[2018-04-18 23:27:28] Laboration 1.INFO: Logged: 14 [] []
[2018-04-18 23:27:28] Laboration 1.INFO: User in: 13 [] []
[2018-04-18 23:27:28] Laboration 1.INFO: Logged: 15 [] []
[2018-04-18 23:27:28] Laboration 1.INFO: User in: 13 [] []
[2018-04-18 23:27:28] Laboration 1.INFO: Logged: 16 [] []
[2018-04-18 23:27:28] Laboration 1.INFO: User in: 13 [] []
[2018-04-18 23:27:28] Laboration 1.INFO: Logged: 17 [] []
[2018-04-18 23:27:28] Laboration 1.INFO: User in: 13 [] []
[2018-04-18 23:27:34] Laboration 1.INFO: Logged: 1 [] []
[2018-04-18 23:27:34] Laboration 1.INFO: User in: 4 [] []
[2018-04-18 23:27:34] Laboration 1.INFO: Logged: 2 [] []
[2018-04-18 23:27:34] Laboration 1.INFO: User in: 4 [] []
[2018-04-18 23:27:34] Laboration 1.INFO: Logged: 3 [] []
[2018-04-18 23:27:34] Laboration 1.INFO: User in: 4 [] []
[2018-04-18 23:27:34] Laboration 1.INFO: Logged: 4 [] []
[2018-04-18 23:27:34] Laboration 1.INFO: User in: 4 [] []
[2018-04-18 23:27:34] Laboration 1.INFO: Logged: 5 [] []
[2018-04-18 23:27:34] Laboration 1.INFO: User in: 4 [] []
[2018-04-18 23:27:34] Laboration 1.INFO: Logged: 6 [] []
[2018-04-18 23:27:34] Laboration 1.INFO: User in: 4 [] []
[2018-04-18 23:27:34] Laboration 1.INFO: Logged: 7 [] []
[2018-04-18 23:27:34] Laboration 1.INFO: User in: 4 [] []
[2018-04-18 23:27:34] Laboration 1.INFO: Logged: 8 [] []
[2018-04-18 23:27:34] Laboration 1.INFO: User in: 4 [] []
[2018-04-18 23:27:34] Laboration 1.INFO: Logged: 9 [] []
[2018-04-18 23:27:34] Laboration 1.INFO: User in: 4 [] []
[2018-04-18 23:27:34] Laboration 1.INFO: Logged: 10 [] []
[2018-04-18 23:27:34] Laboration 1.INFO: User in: 4 [] []
[2018-04-18 23:27:34] Laboration 1.INFO: Logged: 11 [] []
[2018-04-18 23:27:34] Laboration 1.INFO: User in: 4 [] []
[2018-04-18 23:27:34] Laboration 1.INFO: Logged: 12 [] []
[2018-04-18 23:27:34] Laboration 1.INFO: User in: 4 [] []
[2018-04-18 23:27:34] Laboration 1.INFO: Logged: 13 [] []
[2018-04-18 23:27:34] Laboration 1.INFO: User in: 4 [] []
[2018-04-18 23:27:34] Laboration 1.INFO: Logged: 14 [] []
[2018-04-18 23:27:34] Laboration 1.INFO: User in: 4 [] []
[2018-04-18 23:27:34] Laboration 1.INFO: Logged: 15 [] []
[2018-04-18 23:27:34] Laboration 1.INFO: User in: 4 [] []
[2018-04-18 23:27:34] Laboration 1.INFO: Logged: 16 [] []
[2018-04-18 23:27:34] Laboration 1.INFO: User in: 4 [] []
[2018-04-18 23:27:34] Laboration 1.INFO: Logged: 17 [] []
[2018-04-18 23:27:34] Laboration 1.INFO: User in: 4 [] []
[2018-04-18 23:31:16] Laboration 1.INFO: User in:  [] []
[2018-04-18 23:31:16] Laboration 1.INFO: User in:  [] []
[2018-04-18 23:31:16] Laboration 1.INFO: User in:  [] []
[2018-04-18 23:31:16] Laboration 1.INFO: User in:  [] []
[2018-04-18 23:31:16] Laboration 1.INFO: User in:  [] []
[2018-04-18 23:31:16] Laboration 1.INFO: User in:  [] []
[2018-04-18 23:31:16] Laboration 1.INFO: User in:  [] []
[2018-04-18 23:31:16] Laboration 1.INFO: User in:  [] []
[2018-04-18 23:31:16] Laboration 1.INFO: User in:  [] []
[2018-04-18 23:31:16] Laboration 1.INFO: User in:  [] []
[2018-04-18 23:31:16] Laboration 1.INFO: User in:  [] []
[2018-04-18 23:31:16] Laboration 1.INFO: User in:  [] []
[2018-04-18 23:31:16] Laboration 1.INFO: User in:  [] []
[2018-04-18 23:31:16] Laboration 1.INFO: User in:  [] []
[2018-04-18 23:31:16] Laboration 1.INFO: User in:  [] []
[2018-04-18 23:31:16] Laboration 1.INFO: User in:  [] []
[2018-04-18 23:31:16] Laboration 1.INFO: User in:  [] []
[2018-04-18 23:33:59] Laboration 1.INFO: User in:  [] []
[2018-04-18 23:33:59] Laboration 1.INFO: User in:  [] []
[2018-04-18 23:33:59] Laboration 1.INFO: User in:  [] []
[2018-04-18 23:33:59] Laboration 1.INFO: User in:  [] []
[2018-04-18 23:33:59] Laboration 1.INFO: User in:  [] []
[2018-04-18 23:33:59] Laboration 1.INFO: User in:  [] []
[2018-04-18 23:33:59] Laboration 1.INFO: User in:  [] []
[2018-04-18 23:33:59] Laboration 1.INFO: User in:  [] []
[2018-04-18 23:33:59] Laboration 1.INFO: User in:  [] []
[2018-04-18 23:33:59] Laboration 1.INFO: User in:  [] []
[2018-04-18 23:33:59] Laboration 1.INFO: User in:  [] []
[2018-04-18 23:33:59] Laboration 1.INFO: User in:  [] []
[2018-04-18 23:33:59] Laboration 1.INFO: User in:  [] []
[2018-04-18 23:33:59] Laboration 1.INFO: User in:  [] []
[2018-04-18 23:33:59] Laboration 1.INFO: User in:  [] []
[2018-04-18 23:33:59] Laboration 1.INFO: User in:  [] []
[2018-04-18 23:33:59] Laboration 1.INFO: User in:  [] []
[2018-04-18 23:38:40] Laboration 1.INFO: User in:  [] []
[2018-04-18 23:38:40] Laboration 1.INFO: User in:  [] []
[2018-04-18 23:38:40] Laboration 1.INFO: User in:  [] []
[2018-04-18 23:38:40] Laboration 1.INFO: User in:  [] []
[2018-04-18 23:38:40] Laboration 1.INFO: User in:  [] []
[2018-04-18 23:38:40] Laboration 1.INFO: User in:  [] []
[2018-04-18 23:38:40] Laboration 1.INFO: User in:  [] []
[2018-04-18 23:38:40] Laboration 1.INFO: User in:  [] []
[2018-04-18 23:38:40] Laboration 1.INFO: User in:  [] []
[2018-04-18 23:38:40] Laboration 1.INFO: User in:  [] []
[2018-04-18 23:38:40] Laboration 1.INFO: User in:  [] []
[2018-04-18 23:38:40] Laboration 1.INFO: User in:  [] []
[2018-04-18 23:38:40] Laboration 1.INFO: User in:  [] []
[2018-04-18 23:38:40] Laboration 1.INFO: User in:  [] []
[2018-04-18 23:38:40] Laboration 1.INFO: User in:  [] []
[2018-04-18 23:38:40] Laboration 1.INFO: User in:  [] []
[2018-04-18 23:38:40] Laboration 1.INFO: User in:  [] []
[2018-04-18 23:38:43] Laboration 1.INFO: User in: 10 [] []
[2018-04-18 23:38:43] Laboration 1.INFO: User in: 10 [] []
[2018-04-18 23:38:43] Laboration 1.INFO: User in: 10 [] []
[2018-04-18 23:38:43] Laboration 1.INFO: User in: 10 [] []
[2018-04-18 23:38:43] Laboration 1.INFO: User in: 10 [] []
[2018-04-18 23:38:43] Laboration 1.INFO: User in: 10 [] []
[2018-04-18 23:38:43] Laboration 1.INFO: User in: 10 [] []
[2018-04-18 23:38:43] Laboration 1.INFO: User in: 10 [] []
[2018-04-18 23:38:43] Laboration 1.INFO: User in: 10 [] []
[2018-04-18 23:38:43] Laboration 1.INFO: User in: 10 [] []
[2018-04-18 23:38:43] Laboration 1.INFO: User in: 10 [] []
[2018-04-18 23:38:43] Laboration 1.INFO: User in: 10 [] []
[2018-04-18 23:38:43] Laboration 1.INFO: User in: 10 [] []
[2018-04-18 23:38:43] Laboration 1.INFO: User in: 10 [] []
[2018-04-18 23:38:43] Laboration 1.INFO: User in: 10 [] []
[2018-04-18 23:38:43] Laboration 1.INFO: User in: 10 [] []
[2018-04-18 23:38:43] Laboration 1.INFO: User in: 10 [] []
[2018-04-18 23:38:46] Laboration 1.INFO: User in: 3 [] []
[2018-04-18 23:38:46] Laboration 1.INFO: User in: 3 [] []
[2018-04-18 23:38:46] Laboration 1.INFO: User in: 3 [] []
[2018-04-18 23:38:46] Laboration 1.INFO: User in: 3 [] []
[2018-04-18 23:38:46] Laboration 1.INFO: User in: 3 [] []
[2018-04-18 23:38:46] Laboration 1.INFO: User in: 3 [] []
[2018-04-18 23:38:46] Laboration 1.INFO: User in: 3 [] []
[2018-04-18 23:38:46] Laboration 1.INFO: User in: 3 [] []
[2018-04-18 23:38:46] Laboration 1.INFO: User in: 3 [] []
[2018-04-18 23:38:46] Laboration 1.INFO: User in: 3 [] []
[2018-04-18 23:38:46] Laboration 1.INFO: User in: 3 [] []
[2018-04-18 23:38:46] Laboration 1.INFO: User in: 3 [] []
[2018-04-18 23:38:46] Laboration 1.INFO: User in: 3 [] []
[2018-04-18 23:38:46] Laboration 1.INFO: User in: 3 [] []
[2018-04-18 23:38:46] Laboration 1.INFO: User in: 3 [] []
[2018-04-18 23:38:46] Laboration 1.INFO: User in: 3 [] []
[2018-04-18 23:38:46] Laboration 1.INFO: User in: 3 [] []
[2018-04-18 23:39:31] Laboration 1.INFO: User in:  [] []
[2018-04-18 23:39:31] Laboration 1.INFO: User in:  [] []
[2018-04-18 23:39:31] Laboration 1.INFO: User in:  [] []
[2018-04-18 23:39:31] Laboration 1.INFO: User in:  [] []
[2018-04-18 23:39:31] Laboration 1.INFO: User in:  [] []
[2018-04-18 23:39:31] Laboration 1.INFO: User in:  [] []
[2018-04-18 23:39:31] Laboration 1.INFO: User in:  [] []
[2018-04-18 23:39:31] Laboration 1.INFO: User in:  [] []
[2018-04-18 23:39:31] Laboration 1.INFO: User in:  [] []
[2018-04-18 23:39:31] Laboration 1.INFO: User in:  [] []
[2018-04-18 23:39:31] Laboration 1.INFO: User in:  [] []
[2018-04-18 23:39:31] Laboration 1.INFO: User in:  [] []
[2018-04-18 23:39:31] Laboration 1.INFO: User in:  [] []
[2018-04-18 23:39:31] Laboration 1.INFO: User in:  [] []
[2018-04-18 23:39:31] Laboration 1.INFO: User in:  [] []
[2018-04-18 23:39:31] Laboration 1.INFO: User in:  [] []
[2018-04-18 23:39:31] Laboration 1.INFO: User in:  [] []
[2018-04-18 23:39:57] Laboration 1.INFO: User in:  [] []
[2018-04-18 23:39:57] Laboration 1.INFO: User in:  [] []
[2018-04-18 23:39:57] Laboration 1.INFO: User in:  [] []
[2018-04-18 23:39:57] Laboration 1.INFO: User in:  [] []
[2018-04-18 23:39:57] Laboration 1.INFO: User in:  [] []
[2018-04-18 23:39:57] Laboration 1.INFO: User in:  [] []
[2018-04-18 23:39:57] Laboration 1.INFO: User in:  [] []
[2018-04-18 23:39:57] Laboration 1.INFO: User in:  [] []
[2018-04-18 23:39:57] Laboration 1.INFO: User in:  [] []
[2018-04-18 23:39:57] Laboration 1.INFO: User in:  [] []
[2018-04-18 23:39:57] Laboration 1.INFO: User in:  [] []
[2018-04-18 23:39:57] Laboration 1.INFO: User in:  [] []
[2018-04-18 23:39:57] Laboration 1.INFO: User in:  [] []
[2018-04-18 23:39:57] Laboration 1.INFO: User in:  [] []
[2018-04-18 23:39:57] Laboration 1.INFO: User in:  [] []
[2018-04-18 23:39:57] Laboration 1.INFO: User in:  [] []
[2018-04-18 23:39:57] Laboration 1.INFO: User in:  [] []
[2018-04-18 23:40:00] Laboration 1.INFO: User in: 5 [] []
[2018-04-18 23:40:00] Laboration 1.INFO: User in: 5 [] []
[2018-04-18 23:40:00] Laboration 1.INFO: User in: 5 [] []
[2018-04-18 23:40:00] Laboration 1.INFO: User in: 5 [] []
[2018-04-18 23:40:00] Laboration 1.INFO: User in: 5 [] []
[2018-04-18 23:40:00] Laboration 1.INFO: User in: 5 [] []
[2018-04-18 23:40:00] Laboration 1.INFO: User in: 5 [] []
[2018-04-18 23:40:00] Laboration 1.INFO: User in: 5 [] []
[2018-04-18 23:40:00] Laboration 1.INFO: User in: 5 [] []
[2018-04-18 23:40:00] Laboration 1.INFO: User in: 5 [] []
[2018-04-18 23:40:00] Laboration 1.INFO: User in: 5 [] []
[2018-04-18 23:40:00] Laboration 1.INFO: User in: 5 [] []
[2018-04-18 23:40:00] Laboration 1.INFO: User in: 5 [] []
[2018-04-18 23:40:00] Laboration 1.INFO: User in: 5 [] []
[2018-04-18 23:40:00] Laboration 1.INFO: User in: 5 [] []
[2018-04-18 23:40:00] Laboration 1.INFO: User in: 5 [] []
[2018-04-18 23:40:00] Laboration 1.INFO: User in: 5 [] []
